TN:
SF:/Users/maxime/Projects/gatsby-maximeheckel/gatsby-theme-maximeheckel/setup-jest.js
FNF:0
FNH:0
DA:1,4
DA:3,4
LF:2
LH:2
BRF:0
BRH:0
end_of_record
TN:
SF:/Users/maxime/Projects/gatsby-maximeheckel/gatsby-theme-maximeheckel/src/theme_light.ts
FNF:0
FNH:0
DA:1,3
DA:2,3
DA:3,3
DA:4,3
DA:6,3
DA:22,3
LF:6
LH:6
BRF:0
BRH:0
end_of_record
TN:
SF:/Users/maxime/Projects/gatsby-maximeheckel/gatsby-theme-maximeheckel/src/components/Button/index.tsx
FN:16,(anonymous_2)
FN:18,(anonymous_3)
FN:30,(anonymous_4)
FN:32,(anonymous_5)
FN:35,(anonymous_6)
FN:40,(anonymous_7)
FN:44,(anonymous_8)
FNF:7
FNH:7
FNDA:2,(anonymous_2)
FNDA:2,(anonymous_3)
FNDA:2,(anonymous_4)
FNDA:2,(anonymous_5)
FNDA:2,(anonymous_6)
FNDA:2,(anonymous_7)
FNDA:2,(anonymous_8)
DA:1,1
DA:2,1
DA:14,1
DA:17,2
DA:19,2
DA:30,2
DA:32,2
DA:36,2
DA:41,2
DA:45,2
DA:70,1
LF:11
LH:11
BRDA:14,0,0,1
BRDA:14,0,1,1
BRDA:17,1,0,1
BRDA:17,1,1,1
BRDA:20,2,0,1
BRDA:20,2,1,1
BRDA:22,3,0,0
BRDA:22,3,1,1
BRDA:30,4,0,1
BRDA:30,4,1,1
BRDA:32,5,0,1
BRDA:32,5,1,1
BRDA:37,6,0,1
BRDA:37,6,1,1
BRDA:41,7,0,1
BRDA:41,7,1,1
BRDA:46,8,0,1
BRDA:46,8,1,1
BRDA:56,9,0,0
BRDA:56,9,1,1
BRF:20
BRH:18
end_of_record
TN:
SF:/Users/maxime/Projects/gatsby-maximeheckel/gatsby-theme-maximeheckel/src/components/Footer/index.tsx
FN:11,(anonymous_2)
FN:15,(anonymous_3)
FN:25,(anonymous_4)
FN:40,(anonymous_5)
FNF:4
FNH:4
FNDA:1,(anonymous_2)
FNDA:1,(anonymous_3)
FNDA:1,(anonymous_4)
FNDA:1,(anonymous_5)
DA:1,1
DA:2,1
DA:3,1
DA:4,1
DA:6,1
DA:11,1
DA:14,1
DA:15,1
DA:18,1
DA:25,1
DA:34,1
DA:40,1
DA:54,1
LF:13
LH:13
BRDA:6,0,0,1
BRDA:6,0,1,1
BRDA:14,1,0,1
BRDA:14,1,1,1
BRDA:18,2,0,1
BRDA:18,2,1,1
BRDA:34,3,0,1
BRDA:34,3,1,1
BRF:8
BRH:8
end_of_record
TN:
SF:/Users/maxime/Projects/gatsby-maximeheckel/gatsby-theme-maximeheckel/src/components/Header/index.tsx
FN:31,(anonymous_2)
FN:51,(anonymous_3)
FN:80,(anonymous_4)
FN:81,(anonymous_5)
FN:82,(anonymous_6)
FN:88,(anonymous_7)
FN:93,(anonymous_8)
FN:118,(anonymous_9)
FN:121,(anonymous_10)
FN:147,(anonymous_11)
FN:164,(anonymous_12)
FN:167,(anonymous_13)
FN:179,(anonymous_14)
FN:181,(anonymous_15)
FN:182,(anonymous_16)
FN:184,(anonymous_17)
FN:192,(anonymous_18)
FNF:17
FNH:13
FNDA:2,(anonymous_2)
FNDA:2,(anonymous_3)
FNDA:4,(anonymous_4)
FNDA:4,(anonymous_5)
FNDA:4,(anonymous_6)
FNDA:4,(anonymous_7)
FNDA:4,(anonymous_8)
FNDA:4,(anonymous_9)
FNDA:4,(anonymous_10)
FNDA:0,(anonymous_11)
FNDA:0,(anonymous_12)
FNDA:0,(anonymous_13)
FNDA:4,(anonymous_14)
FNDA:4,(anonymous_15)
FNDA:0,(anonymous_16)
FNDA:3,(anonymous_17)
FNDA:4,(anonymous_18)
DA:1,1
DA:2,1
DA:3,1
DA:4,1
DA:5,1
DA:6,1
DA:7,1
DA:8,1
DA:31,2
DA:51,2
DA:79,1
DA:80,4
DA:81,4
DA:82,4
DA:88,4
DA:93,4
DA:98,1
DA:107,1
DA:116,1
DA:118,4
DA:121,4
DA:135,1
DA:147,0
DA:164,1
DA:165,0
DA:168,0
DA:179,4
DA:180,4
DA:181,4
DA:182,4
DA:183,4
DA:184,4
DA:185,3
DA:189,4
DA:192,1
DA:194,8
DA:195,4
DA:196,8
DA:197,8
DA:198,4
DA:201,4
DA:203,4
DA:267,1
LF:43
LH:40
BRDA:79,0,0,1
BRDA:79,0,1,1
BRDA:82,1,0,0
BRDA:82,1,1,4
BRDA:88,2,0,0
BRDA:88,2,1,4
BRDA:93,3,0,0
BRDA:93,3,1,4
BRDA:98,4,0,1
BRDA:98,4,1,1
BRDA:107,5,0,1
BRDA:107,5,1,1
BRDA:116,6,0,1
BRDA:116,6,1,1
BRDA:118,7,0,3
BRDA:118,7,1,1
BRDA:135,8,0,1
BRDA:135,8,1,1
BRDA:166,9,0,0
BRDA:166,9,1,0
BRDA:165,10,0,0
BRDA:165,10,1,0
BRDA:179,11,0,0
BRDA:179,11,1,4
BRDA:194,12,0,4
BRDA:194,12,1,0
BRDA:196,13,0,3
BRDA:196,13,1,1
BRDA:197,14,0,4
BRDA:197,14,1,0
BRDA:205,15,0,4
BRDA:205,15,1,4
BRDA:208,16,0,0
BRDA:208,16,1,4
BRDA:207,17,0,4
BRDA:207,17,1,0
BRDA:244,18,0,2
BRDA:244,18,1,2
BRDA:243,19,0,4
BRDA:243,19,1,2
BRDA:261,20,0,0
BRDA:261,20,1,4
BRDA:260,21,0,4
BRDA:260,21,1,0
BRF:44
BRH:30
end_of_record
TN:
SF:/Users/maxime/Projects/gatsby-maximeheckel/gatsby-theme-maximeheckel/src/components/Logo/index.tsx
FN:11,(anonymous_2)
FN:12,(anonymous_3)
FN:14,(anonymous_4)
FN:15,(anonymous_5)
FN:17,(anonymous_6)
FN:19,(anonymous_7)
FN:23,(anonymous_8)
FN:25,(anonymous_9)
FN:30,(anonymous_10)
FNF:9
FNH:9
FNDA:5,(anonymous_2)
FNDA:5,(anonymous_3)
FNDA:5,(anonymous_4)
FNDA:5,(anonymous_5)
FNDA:5,(anonymous_6)
FNDA:5,(anonymous_7)
FNDA:5,(anonymous_8)
FNDA:5,(anonymous_9)
FNDA:5,(anonymous_10)
DA:1,2
DA:2,2
DA:10,2
DA:11,5
DA:12,5
DA:14,5
DA:15,5
DA:18,5
DA:19,5
DA:24,5
DA:25,5
DA:30,5
DA:71,2
LF:13
LH:13
BRDA:10,0,0,2
BRDA:10,0,1,2
BRDA:18,1,0,1
BRDA:18,1,1,4
BRDA:24,2,0,1
BRDA:24,2,1,4
BRF:6
BRH:6
end_of_record
TN:
SF:/Users/maxime/Projects/gatsby-maximeheckel/gatsby-theme-maximeheckel/src/components/Title/index.tsx
FN:6,(anonymous_2)
FNF:1
FNH:1
FNDA:1,(anonymous_2)
DA:1,1
DA:2,1
DA:5,1
DA:6,1
DA:12,1
LF:5
LH:5
BRDA:5,0,0,1
BRDA:5,0,1,1
BRF:2
BRH:2
end_of_record
